The files belonging to this database system will be owned by user "pve15".
This user must also own the server process.

The database cluster will be initialized with locale "nl_NL.UTF-8".
The default database encoding has accordingly been set to "UTF8".
The default text search configuration will be set to "dutch".

Data page checksums are disabled.

creating directory /Users/pve15/lms42/assignments/flask-sql/solution1/data/postgresqlite/pgdata ... ok
creating subdirectories ... ok
selecting dynamic shared memory implementation ... posix
selecting default max_connections ... 100
selecting default shared_buffers ... 128MB
selecting default time zone ... Europe/Amsterdam
creating configuration files ... ok
running bootstrap script ... ok
performing post-bootstrap initialization ... ok
syncing data to disk ... ok

initdb: warning: enabling "trust" authentication for local connections
You can change this by editing pg_hba.conf or using the option -A, or
--auth-local and --auth-host, the next time you run initdb.

Success. You can now start the database server using:

    /Users/pve15/.cache/postgresqlite/14.3/bin/pg_ctl -D /Users/pve15/lms42/assignments/flask-sql/solution1/data/postgresqlite/pgdata -l logfile start

PostgreSQL daemon is starting..
2024-06-28 15:29:51.485 CEST [10018] LOG:  starting PostgreSQL 14.6 on x86_64-apple-darwin20.6.0, compiled by Apple clang version 12.0.0 (clang-1200.0.32.29), 64-bit
2024-06-28 15:29:51.487 CEST [10018] LOG:  listening on IPv6 address "::1", port 38240
2024-06-28 15:29:51.487 CEST [10018] LOG:  listening on IPv4 address "127.0.0.1", port 38240
2024-06-28 15:29:51.488 CEST [10018] LOG:  listening on Unix socket "/tmp/postgresqlite-RuSWRJsk/.s.PGSQL.38240"
2024-06-28 15:29:51.494 CEST [10019] LOG:  database system was shut down at 2024-06-28 15:29:51 CEST
2024-06-28 15:29:51.498 CEST [10018] LOG:  database system is ready to accept connections
PostgreSQLite now has 1 client(s)
PostgreSQLite removed /Users/pve15/lms42/assignments/flask-sql/solution1/data/postgresqlite/locks/TdxcBJifxbiR as it was no longer locked
PostgreSQLite now has 0 client(s)
PostgreSQLite removed /Users/pve15/lms42/assignments/flask-sql/solution1/data/postgresqlite/locks/tQARUyzfHLGT as it was no longer locked
PostgreSQLite shutting down idle server...
2024-06-28 15:32:52.366 CEST [10018] LOG:  received smart shutdown request
2024-06-28 15:32:52.368 CEST [10018] LOG:  background worker "logical replication launcher" (PID 10025) exited with exit code 1
2024-06-28 15:32:52.368 CEST [10020] LOG:  shutting down
2024-06-28 15:32:52.416 CEST [10018] LOG:  database system is shut down
PostgreSQLite shutdown successful
